[debug] [2023-07-26T08:24:04.722Z] ----------------------------------------------------------------------
[debug] [2023-07-26T08:24:04.724Z] Command:       /home/thein/.nvm/versions/node/v16.15.1/bin/node /home/thein/.nvm/versions/node/v16.15.1/bin/firebase init
[debug] [2023-07-26T08:24:04.724Z] CLI Version:   12.4.5
[debug] [2023-07-26T08:24:04.724Z] Platform:      linux
[debug] [2023-07-26T08:24:04.724Z] Node Version:  v16.15.1
[debug] [2023-07-26T08:24:04.730Z] Time:          Wed Jul 26 2023 16:24:04 GMT+0800 (Singapore Standard Time)
[debug] [2023-07-26T08:24:04.731Z] ----------------------------------------------------------------------
[debug] 
[debug] [2023-07-26T08:24:04.733Z] >>> [apiv2][query] GET https://firebase-public.firebaseio.com/cli.json [none]
[debug] [2023-07-26T08:24:04.745Z] > command requires scopes: ["email","openid","https://www.googleapis.com/auth/cloudplatformprojects.readonly","https://www.googleapis.com/auth/firebase","https://www.googleapis.com/auth/cloud-platform"]
[debug] [2023-07-26T08:24:04.745Z] > authorizing via signed-in user (theinnaing0908@gmail.com)
[info] 
     ######## #### ########  ######## ########     ###     ######  ########
     ##        ##  ##     ## ##       ##     ##  ##   ##  ##       ##
     ######    ##  ########  ######   ########  #########  ######  ######
     ##        ##  ##    ##  ##       ##     ## ##     ##       ## ##
     ##       #### ##     ## ######## ########  ##     ##  ######  ########

You're about to initialize a Firebase project in this directory:

  /home/thein/code/Thein-Naing/Exercises/netflix

[debug] [2023-07-26T08:24:05.292Z] <<< [apiv2][status] GET https://firebase-public.firebaseio.com/cli.json 200
[debug] [2023-07-26T08:24:05.293Z] <<< [apiv2][body] GET https://firebase-public.firebaseio.com/cli.json {"cloudBuildErrorAfter":1594252800000,"cloudBuildWarnAfter":1590019200000,"defaultNode10After":1594252800000,"minVersion":"3.0.5","node8DeploysDisabledAfter":1613390400000,"node8RuntimeDisabledAfter":1615809600000,"node8WarnAfter":1600128000000}
